TN:
SF:src\config\plugins\envs.plugin.ts
FNF:0
FNH:0
DA:1,1
DA:2,1
DA:3,1
DA:4,1
DA:5,1
DA:6,1
DA:7,1
DA:8,1
DA:9,1
DA:10,1
DA:11,1
DA:12,1
DA:13,1
DA:14,1
DA:15,1
DA:16,1
DA:17,1
DA:18,1
LF:18
LH:18
BRF:0
BRH:0
end_of_record
TN:
SF:src\data\mongo\index.ts
FNF:0
FNH:0
DA:1,1
DA:2,1
DA:3,1
DA:4,1
DA:5,1
LF:5
LH:5
BRF:0
BRH:0
end_of_record
TN:
SF:src\domain\entities\log.entities.ts
FN:23,LogEntity
FN:31,Object.<anonymous>.LogEntity.fromJson
FN:40,Object.<anonymous>.LogEntity.fromObject
FNF:3
FNH:3
FNDA:10,LogEntity
FNDA:1,Object.<anonymous>.LogEntity.fromJson
FNDA:2,Object.<anonymous>.LogEntity.fromObject
DA:1,1
DA:2,5
DA:3,5
DA:4,5
DA:5,5
DA:6,5
DA:7,1
DA:8,1
DA:9,1
DA:10,1
DA:11,1
DA:12,1
DA:13,1
DA:14,1
DA:15,1
DA:16,1
DA:17,1
DA:18,1
DA:19,1
DA:20,1
DA:21,1
DA:22,1
DA:23,1
DA:24,10
DA:25,10
DA:26,10
DA:27,10
DA:28,10
DA:29,10
DA:30,1
DA:31,1
DA:32,1
DA:33,1
DA:34,1
DA:35,1
DA:36,1
DA:37,1
DA:38,1
DA:39,1
DA:40,1
DA:41,2
DA:42,2
DA:43,2
DA:44,2
DA:45,2
DA:46,2
DA:47,1
DA:48,1
DA:49,1
DA:50,1
LF:50
LH:50
BRDA:2,0,0,5
BRDA:23,1,0,10
BRDA:31,2,0,1
BRDA:32,3,0,0
BRDA:40,4,0,2
BRF:5
BRH:4
end_of_record
TN:
SF:src\infrastructure\datasources\file-system.datasource.ts
FN:14,FileSystemDatasource
FN:19,FileSystemDatasource.createLogsFiles
FN:52,FileSystemDatasource.getLogFromFile
FN:33,saveLog
FN:64,getLogs
FNF:5
FNH:3
FNDA:2,FileSystemDatasource
FNDA:2,FileSystemDatasource.createLogsFiles
FNDA:0,FileSystemDatasource.getLogFromFile
FNDA:1,saveLog
FNDA:0,getLogs
DA:1,1
DA:2,1
DA:3,1
DA:4,1
DA:5,1
DA:6,1
DA:7,1
DA:8,1
DA:9,1
DA:10,1
DA:11,1
DA:12,1
DA:13,1
DA:14,1
DA:15,2
DA:16,2
DA:17,1
DA:18,1
DA:19,1
DA:20,2
DA:21,2
DA:22,2
DA:23,2
DA:24,2
DA:25,2
DA:26,2
DA:27,2
DA:28,6
DA:29,6
DA:30,2
DA:31,2
DA:32,1
DA:33,1
DA:34,1
DA:35,1
DA:36,1
DA:37,1
DA:38,1
DA:39,1
DA:40,1
DA:41,0
DA:42,0
DA:43,0
DA:44,0
DA:45,0
DA:46,0
DA:47,1
DA:48,1
DA:49,1
DA:50,1
DA:51,1
DA:52,1
DA:53,0
DA:54,0
DA:55,0
DA:56,0
DA:57,0
DA:58,0
DA:59,0
DA:60,0
DA:61,0
DA:62,0
DA:63,1
DA:64,1
DA:65,0
DA:66,0
DA:67,0
DA:68,0
DA:69,0
DA:70,0
DA:71,0
DA:72,0
DA:73,0
DA:74,0
DA:75,0
DA:76,0
DA:77,0
DA:78,0
DA:79,1
DA:80,1
DA:81,1
LF:81
LH:51
BRDA:14,0,0,2
BRDA:19,1,0,2
BRDA:27,2,0,6
BRDA:28,3,0,0
BRDA:33,4,0,1
BRDA:41,5,0,0
BRF:6
BRH:4
end_of_record
TN:
SF:src\infrastructure\datasources\mongo-log.datasource.ts
FN:14,saveLog
FN:19,getLogs
FNF:2
FNH:2
FNDA:2,saveLog
FNDA:1,getLogs
DA:1,1
DA:2,1
DA:3,1
DA:4,1
DA:5,1
DA:6,1
DA:7,1
DA:8,1
DA:9,1
DA:10,1
DA:11,1
DA:12,1
DA:13,1
DA:14,1
DA:15,2
DA:16,2
DA:17,2
DA:18,2
DA:19,1
DA:20,1
DA:21,1
DA:22,1
DA:23,1
DA:24,1
DA:25,1
DA:26,1
DA:27,1
LF:27
LH:27
BRDA:14,0,0,2
BRDA:19,1,0,1
BRF:2
BRH:2
end_of_record
